<?xml version="1.0" encoding="UTF-8"?>
<!-- Generated by org.testng.reporters.JUnitReportReporter -->
<testsuite hostname="IN-MH1DSW101045" name="com.crm.qa.testcases.HomePageTest" tests="3" failures="0" timestamp="23 Jan 2018 06:49:03 GMT" time="107.348" errors="0">
  <testcase name="clickOnContactsLinkTest" time="41.328" classname="com.crm.qa.testcases.HomePageTest"/>
  <testcase name="verifyHomePageTitleTest" time="35.298" classname="com.crm.qa.testcases.HomePageTest"/>
  <testcase name="verifyUserNameTest" time="30.722" classname="com.crm.qa.testcases.HomePageTest"/>
</testsuite> <!-- com.crm.qa.testcases.HomePageTest -->
