<?xml version="1.0" encoding="UTF-8"?>
<!-- Generated by org.testng.reporters.JUnitReportReporter -->
<testsuite hostname="DESKTOP-C3IEI47" name="com.qa.testcases.HomePageTest" tests="2" failures="0" timestamp="27 Jul 2021 06:20:26 GMT" time="55.458" errors="0">
  <testcase name="loginPageTitleTest" time="23.234" classname="com.qa.testcases.HomePageTest"/>
  <testcase name="enterInSearchBox" time="32.224" classname="com.qa.testcases.HomePageTest"/>
</testsuite> <!-- com.qa.testcases.HomePageTest -->
