<?xml version="1.0" encoding="UTF-8"?>
<!-- Generated by org.testng.reporters.JUnitReportReporter -->
<testsuite hostname="DESKTOP-C3IEI47" name="com.qa.testcases.MajescoPracticalTest1" tests="1" failures="0" timestamp="28 Jul 2021 04:41:00 GMT" time="11.957" errors="0">
  <testcase name="getKey" time="11.957" classname="com.qa.testcases.MajescoPracticalTest1"/>
</testsuite> <!-- com.qa.testcases.MajescoPracticalTest1 -->
