<?xml version="1.0" encoding="UTF-8"?>
<!-- Generated by org.testng.reporters.JUnitReportReporter -->
<testsuite hostname="DESKTOP-C3IEI47" name="com.crm.qa.testcases.ContactsPageTest" tests="3" failures="0" timestamp="10 Mar 2018 08:26:49 GMT" time="96.594" errors="0">
  <testcase name="validateCreateNewContact" time="30.404" classname="com.crm.qa.testcases.ContactsPageTest"/>
  <testcase name="validateCreateNewContact" time="39.822" classname="com.crm.qa.testcases.ContactsPageTest"/>
  <testcase name="validateCreateNewContact" time="26.368" classname="com.crm.qa.testcases.ContactsPageTest"/>
</testsuite> <!-- com.crm.qa.testcases.ContactsPageTest -->
