<?xml version="1.0" encoding="UTF-8"?>
<!-- Generated by org.testng.reporters.JUnitReportReporter -->
<testsuite hostname="DESKTOP-C3IEI47" name="com.qa.testcases.MajescoPracticalTest2" tests="1" failures="0" timestamp="28 Jul 2021 04:41:00 GMT" time="40.645" errors="0">
  <testcase name="validateAboutMajescoLinkText" time="40.645" classname="com.qa.testcases.MajescoPracticalTest2"/>
</testsuite> <!-- com.qa.testcases.MajescoPracticalTest2 -->
